<?xml version="1.0" encoding="UTF-8"?>
<!-- Generated by org.testng.reporters.JUnitReportReporter -->
<testsuite hostname="DESKTOP-51JIPKB" failures="0" tests="1" name="bgacademy.eCommerce_tc_2" time="35.256" errors="0" timestamp="2023-12-19T02:18:16 EST" skipped="0">
  <testcase classname="bgacademy.eCommerce_tc_2" name="addingProductToCartValidation" time="35.256"/>
</testsuite> <!-- bgacademy.eCommerce_tc_2 -->
