<?xml version="1.0" encoding="UTF-8"?>
<!-- Generated by org.testng.reporters.JUnitReportReporter -->
<testsuite hostname="DESKTOP-51JIPKB" failures="0" tests="1" name="bgacademy.SwipeDemo" time="4.486" errors="0" timestamp="2023-12-11T11:56:27 EST" skipped="0">
  <testcase classname="bgacademy.SwipeDemo" name="ScrollDemoTest" time="4.486"/>
</testsuite> <!-- bgacademy.SwipeDemo -->
