<?xml version="1.0" encoding="UTF-8"?>
<!-- Generated by org.testng.reporters.JUnitReportReporter -->
<testsuite hostname="DESKTOP-51JIPKB" failures="0" tests="1" name="bgacademy.MisceallanousAppiumActions" time="10.550" errors="0" timestamp="2023-12-12T03:33:01 EST" skipped="0">
  <testcase classname="bgacademy.MisceallanousAppiumActions" name="Misceallanous" time="10.550"/>
</testsuite> <!-- bgacademy.MisceallanousAppiumActions -->
