<?xml version="1.0" encoding="UTF-8"?>
<!-- Generated by org.testng.reporters.JUnitReportReporter -->
<testsuite hostname="DESKTOP-51JIPKB" failures="0" tests="1" name="bgacademy.eCommerce_tc_4_Hybrid" time="30.567" errors="0" timestamp="2023-12-24T08:00:05 EST" skipped="0">
  <testcase classname="bgacademy.eCommerce_tc_4_Hybrid" name="FillForm" time="30.567"/>
</testsuite> <!-- bgacademy.eCommerce_tc_4_Hybrid -->
