<?xml version="1.0" encoding="UTF-8"?>
<!-- Generated by org.testng.reporters.JUnitReportReporter -->
<testsuite hostname="DESKTOP-51JIPKB" failures="0" tests="1" name="bgacademy.MobileBrowserTest" time="3.230" errors="0" timestamp="2023-12-19T03:00:09 EST" skipped="0">
  <testcase classname="bgacademy.MobileBrowserTest" name="browserTest" time="3.230"/>
</testsuite> <!-- bgacademy.MobileBrowserTest -->
