<?xml version="1.0" encoding="UTF-8"?>
<!-- Generated by org.testng.reporters.JUnitReportReporter -->
<testsuite hostname="DESKTOP-51JIPKB" failures="0" tests="1" name="bgacademy.ScrollDemo" time="29.442" errors="0" timestamp="2023-12-11T11:28:49 EST" skipped="0">
  <testcase classname="bgacademy.ScrollDemo" name="ScrollDemoTest" time="29.442"/>
</testsuite> <!-- bgacademy.ScrollDemo -->
