<?xml version="1.0" encoding="UTF-8"?>
<!-- Generated by org.testng.reporters.JUnitReportReporter -->
<testsuite hostname="DESKTOP-51JIPKB" failures="0" tests="1" name="bgacademy.AppiumBasics" time="6.684" errors="0" timestamp="2023-12-24T07:50:22 EST" skipped="0">
  <testcase classname="bgacademy.AppiumBasics" name="WifiSettingsName" time="6.684"/>
</testsuite> <!-- bgacademy.AppiumBasics -->
