<?xml version="1.0" encoding="UTF-8"?>
<!-- Generated by org.testng.reporters.JUnitReportReporter -->
<testsuite hostname="DESKTOP-51JIPKB" failures="0" tests="1" name="bgacademy.LongPress" time="5.436" errors="0" timestamp="2023-12-11T11:04:51 EST" skipped="0">
  <testcase classname="bgacademy.LongPress" name="LongPressGesture" time="5.436"/>
</testsuite> <!-- bgacademy.LongPress -->
