<?xml version="1.0" encoding="UTF-8"?>
<!-- Generated by org.testng.reporters.JUnitReportReporter -->
<testsuite hostname="DESKTOP-51JIPKB" failures="0" tests="1" name="bgacademy.AppiumBasics" time="5.438" errors="0" timestamp="2023-12-12T01:09:53 EST" skipped="0">
  <testcase classname="bgacademy.AppiumBasics" name="WifiSettingsName" time="5.438"/>
</testsuite> <!-- bgacademy.AppiumBasics -->
