<?xml version="1.0" encoding="UTF-8"?>
<!-- Generated by org.testng.reporters.JUnitReportReporter -->
<testsuite hostname="DESKTOP-51JIPKB" failures="0" tests="1" name="bgacademy.eCommerce_tc_3" time="17.331" errors="0" timestamp="2023-12-13T04:11:15 EST" skipped="0">
  <testcase classname="bgacademy.eCommerce_tc_3" name="FillForm" time="17.331"/>
</testsuite> <!-- bgacademy.eCommerce_tc_3 -->
