<?xml version="1.0" encoding="UTF-8"?>
<!-- Generated by org.testng.reporters.JUnitReportReporter -->
<testsuite hostname="DESKTOP-51JIPKB" failures="0" tests="1" name="bgacademy.DragDropDemo" time="7.987" errors="0" timestamp="2023-12-12T01:26:29 EST" skipped="0">
  <testcase classname="bgacademy.DragDropDemo" name="ScrollDemoTest" time="7.987"/>
</testsuite> <!-- bgacademy.DragDropDemo -->
