<?xml version="1.0" encoding="UTF-8"?>
<!-- Generated by org.testng.reporters.JUnitReportReporter -->
<testsuite hostname="DESKTOP-51JIPKB" failures="0" tests="1" name="bgacademy.eCommerce_tc_1" time="9.891" errors="0" timestamp="2023-12-12T06:38:41 EST" skipped="0">
  <testcase classname="bgacademy.eCommerce_tc_1" name="FillForm" time="9.891"/>
</testsuite> <!-- bgacademy.eCommerce_tc_1 -->
