<?xml version="1.0" encoding="UTF-8"?>
<!-- Generated by org.testng.reporters.JUnitReportReporter -->
<testsuite hostname="DESKTOP-51JIPKB" failures="0" tests="1" name="bgacademy.LongPress" time="5.666" errors="0" timestamp="2023-12-24T08:01:01 EST" skipped="0">
  <testcase classname="bgacademy.LongPress" name="LongPressGesture" time="5.666"/>
</testsuite> <!-- bgacademy.LongPress -->
